# JRE version: Java(TM) SE Runtime Environment (8.0_191-b12) (build 1.8.0_191-b12)
# Java VM: Java HotSpot(TM) Client VM (25.191-b12 mixed mode windows-x86 )
Heap:
 def new generation   total 157248K, used 157247K [0x05a00000, 0x104a0000, 0x104a0000)
  eden space 139776K,  99% used [0x05a00000, 0x0e27fff8, 0x0e280000)
  from space 17472K,  99% used [0x0f390000, 0x1049fff8, 0x104a0000)
  to   space 17472K,   0% used [0x0e280000, 0x0e280000, 0x0f390000)
 tenured generation   total 349568K, used 349568K [0x104a0000, 0x25a00000, 0x25a00000)
   the space 349568K, 100% used [0x104a0000, 0x25a00000, 0x25a00000, 0x25a00000)
 Metaspace       used 25800K, capacity 26360K, committed 26496K, reserved 27008K
GC Heap History (10 events):
Event: 2839.050 GC heap before
{Heap before GC invocations=117 (full 56):
 def new generation   total 157248K, used 157246K [0x05a00000, 0x104a0000, 0x104a0000)
  eden space 139776K, 100% used [0x05a00000, 0x0e280000, 0x0e280000)
  from space 17472K,  99% used [0x0f390000, 0x1049fbd0, 0x104a0000)
  to   space 17472K,   0% used [0x0e280000, 0x0e280000, 0x0f390000)
 tenured generation   total 349568K, used 349568K [0x104a0000, 0x25a00000, 0x25a00000)
   the space 349568K, 100% used [0x104a0000, 0x25a00000, 0x25a00000, 0x25a00000)
 Metaspace       used 25800K, capacity 26360K, committed 26496K, reserved 27008K
Event: 2839.563 GC heap after
Heap after GC invocations=118 (full 57):
 def new generation   total 157248K, used 157196K [0x05a00000, 0x104a0000, 0x104a0000)
  eden space 139776K,  99% used [0x05a00000, 0x0e27ffd8, 0x0e280000)
  from space 17472K,  99% used [0x0f390000, 0x10493200, 0x104a0000)
  to   space 17472K,   0% used [0x0e280000, 0x0e280000, 0x0f390000)
 tenured generation   total 349568K, used 349568K [0x104a0000, 0x25a00000, 0x25a00000)
   the space 349568K, 100% used [0x104a0000, 0x25a00000, 0x25a00000, 0x25a00000)
 Metaspace       used 25800K, capacity 26360K, committed 26496K, reserved 27008K
}
Event: 2839.563 GC heap before
{Heap before GC invocations=118 (full 57):
 def new generation   total 157248K, used 157240K [0x05a00000, 0x104a0000, 0x104a0000)
  eden space 139776K, 100% used [0x05a00000, 0x0e280000, 0x0e280000)
  from space 17472K,  99% used [0x0f390000, 0x1049e1b0, 0x104a0000)
  to   space 17472K,   0% used [0x0e280000, 0x0e280000, 0x0f390000)
 tenured generation   total 349568K, used 349568K [0x104a0000, 0x25a00000, 0x25a00000)
   the space 349568K, 100% used [0x104a0000, 0x25a00000, 0x25a00000, 0x25a00000)
 Metaspace       used 25800K, capacity 26360K, committed 26496K, reserved 27008K
Event: 2840.163 GC heap after
Heap after GC invocations=119 (full 58):
 def new generation   total 157248K, used 157211K [0x05a00000, 0x104a0000, 0x104a0000)
  eden space 139776K,  99% used [0x05a00000, 0x0e27ffc0, 0x0e280000)
  from space 17472K,  99% used [0x0f390000, 0x10497010, 0x104a0000)
  to   space 17472K,   0% used [0x0e280000, 0x0e280000, 0x0f390000)
 tenured generation   total 349568K, used 349568K [0x104a0000, 0x25a00000, 0x25a00000)
   the space 349568K, 100% used [0x104a0000, 0x25a00000, 0x25a00000, 0x25a00000)
 Metaspace       used 25800K, capacity 26360K, committed 26496K, reserved 27008K
}
Event: 2840.164 GC heap before
{Heap before GC invocations=119 (full 58):
 def new generation   total 157248K, used 157247K [0x05a00000, 0x104a0000, 0x104a0000)
  eden space 139776K,  99% used [0x05a00000, 0x0e27fff8, 0x0e280000)
  from space 17472K,  99% used [0x0f390000, 0x1049ffd0, 0x104a0000)
  to   space 17472K,   0% used [0x0e280000, 0x0e280000, 0x0f390000)
 tenured generation   total 349568K, used 349568K [0x104a0000, 0x25a00000, 0x25a00000)
   the space 349568K, 100% used [0x104a0000, 0x25a00000, 0x25a00000, 0x25a00000)
 Metaspace       used 25800K, capacity 26360K, committed 26496K, reserved 27008K
Event: 2840.713 GC heap after
Heap after GC invocations=120 (full 59):
 def new generation   total 157248K, used 157233K [0x05a00000, 0x104a0000, 0x104a0000)
  eden space 139776K,  99% used [0x05a00000, 0x0e27fff8, 0x0e280000)
  from space 17472K,  99% used [0x0f390000, 0x1049c458, 0x104a0000)
  to   space 17472K,   0% used [0x0e280000, 0x0e280000, 0x0f390000)
 tenured generation   total 349568K, used 349568K [0x104a0000, 0x25a00000, 0x25a00000)
   the space 349568K, 100% used [0x104a0000, 0x25a00000, 0x25a00000, 0x25a00000)
 Metaspace       used 25800K, capacity 26360K, committed 26496K, reserved 27008K
}
Event: 2840.714 GC heap before
{Heap before GC invocations=120 (full 59):
 def new generation   total 157248K, used 157242K [0x05a00000, 0x104a0000, 0x104a0000)
  eden space 139776K,  99% used [0x05a00000, 0x0e27fff8, 0x0e280000)
  from space 17472K,  99% used [0x0f390000, 0x1049eaa0, 0x104a0000)
  to   space 17472K,   0% used [0x0e280000, 0x0e280000, 0x0f390000)
 tenured generation   total 349568K, used 349568K [0x104a0000, 0x25a00000, 0x25a00000)
   the space 349568K, 100% used [0x104a0000, 0x25a00000, 0x25a00000, 0x25a00000)
 Metaspace       used 25800K, capacity 26360K, committed 26496K, reserved 27008K
Event: 2841.443 GC heap after
Heap after GC invocations=121 (full 60):
 def new generation   total 157248K, used 157238K [0x05a00000, 0x104a0000, 0x104a0000)
  eden space 139776K,  99% used [0x05a00000, 0x0e27ffe8, 0x0e280000)
  from space 17472K,  99% used [0x0f390000, 0x1049d918, 0x104a0000)
  to   space 17472K,   0% used [0x0e280000, 0x0e280000, 0x0f390000)
 tenured generation   total 349568K, used 349567K [0x104a0000, 0x25a00000, 0x25a00000)
   the space 349568K,  99% used [0x104a0000, 0x259ffff0, 0x25a00000, 0x25a00000)
 Metaspace       used 25800K, capacity 26360K, committed 26496K, reserved 27008K
}
Event: 2841.443 GC heap before
{Heap before GC invocations=121 (full 60):
 def new generation   total 157248K, used 157238K [0x05a00000, 0x104a0000, 0x104a0000)
  eden space 139776K,  99% used [0x05a00000, 0x0e27ffe8, 0x0e280000)
  from space 17472K,  99% used [0x0f390000, 0x1049d918, 0x104a0000)
  to   space 17472K,   0% used [0x0e280000, 0x0e280000, 0x0f390000)
 tenured generation   total 349568K, used 349567K [0x104a0000, 0x25a00000, 0x25a00000)
   the space 349568K,  99% used [0x104a0000, 0x259ffff0, 0x25a00000, 0x25a00000)
 Metaspace       used 25800K, capacity 26360K, committed 26496K, reserved 27008K
Event: 2841.926 GC heap after
Heap after GC invocations=122 (full 61):
 def new generation   total 157248K, used 157238K [0x05a00000, 0x104a0000, 0x104a0000)
  eden space 139776K,  99% used [0x05a00000, 0x0e27ffe8, 0x0e280000)
  from space 17472K,  99% used [0x0f390000, 0x1049d918, 0x104a0000)
  to   space 17472K,   0% used [0x0e280000, 0x0e280000, 0x0f390000)
 tenured generation   total 349568K, used 349567K [0x104a0000, 0x25a00000, 0x25a00000)
   the space 349568K,  99% used [0x104a0000, 0x259ffff0, 0x25a00000, 0x25a00000)
 Metaspace       used 25800K, capacity 26360K, committed 26496K, reserved 27008K
}

