# JRE version: Java(TM) SE Runtime Environment (8.0_191-b12) (build 1.8.0_191-b12)
# Java VM: Java HotSpot(TM) Client VM (25.191-b12 mixed mode windows-x86 )
Heap:
 def new generation   total 157248K, used 157247K [0x05e00000, 0x108a0000, 0x108a0000)
  eden space 139776K,  99% used [0x05e00000, 0x0e67fff8, 0x0e680000)
  from space 17472K,  99% used [0x0f790000, 0x1089fff8, 0x108a0000)
  to   space 17472K,   0% used [0x0e680000, 0x0e680000, 0x0f790000)
 tenured generation   total 349568K, used 349568K [0x108a0000, 0x25e00000, 0x25e00000)
   the space 349568K, 100% used [0x108a0000, 0x25e00000, 0x25e00000, 0x25e00000)
 Metaspace       used 25495K, capacity 26028K, committed 26240K, reserved 27008K
GC Heap History (10 events):
Event: 643.628 GC heap before
{Heap before GC invocations=1108 (full 513):
 def new generation   total 157248K, used 157247K [0x05e00000, 0x108a0000, 0x108a0000)
  eden space 139776K,  99% used [0x05e00000, 0x0e67fff8, 0x0e680000)
  from space 17472K,  99% used [0x0f790000, 0x1089fef8, 0x108a0000)
  to   space 17472K,   0% used [0x0e680000, 0x0e680000, 0x0f790000)
 tenured generation   total 349568K, used 349568K [0x108a0000, 0x25e00000, 0x25e00000)
   the space 349568K, 100% used [0x108a0000, 0x25e00000, 0x25e00000, 0x25e00000)
 Metaspace       used 25495K, capacity 26028K, committed 26240K, reserved 27008K
Event: 644.102 GC heap after
Heap after GC invocations=1109 (full 514):
 def new generation   total 157248K, used 157243K [0x05e00000, 0x108a0000, 0x108a0000)
  eden space 139776K,  99% used [0x05e00000, 0x0e67fff8, 0x0e680000)
  from space 17472K,  99% used [0x0f790000, 0x1089eee8, 0x108a0000)
  to   space 17472K,   0% used [0x0e680000, 0x0e680000, 0x0f790000)
 tenured generation   total 349568K, used 349568K [0x108a0000, 0x25e00000, 0x25e00000)
   the space 349568K, 100% used [0x108a0000, 0x25e00000, 0x25e00000, 0x25e00000)
 Metaspace       used 25495K, capacity 26028K, committed 26240K, reserved 27008K
}
Event: 644.103 GC heap before
{Heap before GC invocations=1109 (full 514):
 def new generation   total 157248K, used 157247K [0x05e00000, 0x108a0000, 0x108a0000)
  eden space 139776K,  99% used [0x05e00000, 0x0e67fff8, 0x0e680000)
  from space 17472K,  99% used [0x0f790000, 0x1089ffe8, 0x108a0000)
  to   space 17472K,   0% used [0x0e680000, 0x0e680000, 0x0f790000)
 tenured generation   total 349568K, used 349568K [0x108a0000, 0x25e00000, 0x25e00000)
   the space 349568K, 100% used [0x108a0000, 0x25e00000, 0x25e00000, 0x25e00000)
 Metaspace       used 25495K, capacity 26028K, committed 26240K, reserved 27008K
Event: 644.604 GC heap after
Heap after GC invocations=1110 (full 515):
 def new generation   total 157248K, used 157243K [0x05e00000, 0x108a0000, 0x108a0000)
  eden space 139776K,  99% used [0x05e00000, 0x0e67fff8, 0x0e680000)
  from space 17472K,  99% used [0x0f790000, 0x1089eee8, 0x108a0000)
  to   space 17472K,   0% used [0x0e680000, 0x0e680000, 0x0f790000)
 tenured generation   total 349568K, used 349568K [0x108a0000, 0x25e00000, 0x25e00000)
   the space 349568K, 100% used [0x108a0000, 0x25e00000, 0x25e00000, 0x25e00000)
 Metaspace       used 25495K, capacity 26028K, committed 26240K, reserved 27008K
}
Event: 644.604 GC heap before
{Heap before GC invocations=1110 (full 515):
 def new generation   total 157248K, used 157247K [0x05e00000, 0x108a0000, 0x108a0000)
  eden space 139776K,  99% used [0x05e00000, 0x0e67fff8, 0x0e680000)
  from space 17472K,  99% used [0x0f790000, 0x1089fea8, 0x108a0000)
  to   space 17472K,   0% used [0x0e680000, 0x0e680000, 0x0f790000)
 tenured generation   total 349568K, used 349568K [0x108a0000, 0x25e00000, 0x25e00000)
   the space 349568K, 100% used [0x108a0000, 0x25e00000, 0x25e00000, 0x25e00000)
 Metaspace       used 25495K, capacity 26028K, committed 26240K, reserved 27008K
Event: 645.063 GC heap after
Heap after GC invocations=1111 (full 516):
 def new generation   total 157248K, used 157235K [0x05e00000, 0x108a0000, 0x108a0000)
  eden space 139776K,  99% used [0x05e00000, 0x0e67fff8, 0x0e680000)
  from space 17472K,  99% used [0x0f790000, 0x1089cd20, 0x108a0000)
  to   space 17472K,   0% used [0x0e680000, 0x0e680000, 0x0f790000)
 tenured generation   total 349568K, used 349568K [0x108a0000, 0x25e00000, 0x25e00000)
   the space 349568K, 100% used [0x108a0000, 0x25e00000, 0x25e00000, 0x25e00000)
 Metaspace       used 25495K, capacity 26028K, committed 26240K, reserved 27008K
}
Event: 645.063 GC heap before
{Heap before GC invocations=1111 (full 516):
 def new generation   total 157248K, used 157247K [0x05e00000, 0x108a0000, 0x108a0000)
  eden space 139776K,  99% used [0x05e00000, 0x0e67fff8, 0x0e680000)
  from space 17472K,  99% used [0x0f790000, 0x1089fff8, 0x108a0000)
  to   space 17472K,   0% used [0x0e680000, 0x0e680000, 0x0f790000)
 tenured generation   total 349568K, used 349568K [0x108a0000, 0x25e00000, 0x25e00000)
   the space 349568K, 100% used [0x108a0000, 0x25e00000, 0x25e00000, 0x25e00000)
 Metaspace       used 25495K, capacity 26028K, committed 26240K, reserved 27008K
Event: 645.527 GC heap after
Heap after GC invocations=1112 (full 517):
 def new generation   total 157248K, used 157243K [0x05e00000, 0x108a0000, 0x108a0000)
  eden space 139776K,  99% used [0x05e00000, 0x0e67fff8, 0x0e680000)
  from space 17472K,  99% used [0x0f790000, 0x1089ed30, 0x108a0000)
  to   space 17472K,   0% used [0x0e680000, 0x0e680000, 0x0f790000)
 tenured generation   total 349568K, used 349568K [0x108a0000, 0x25e00000, 0x25e00000)
   the space 349568K, 100% used [0x108a0000, 0x25e00000, 0x25e00000, 0x25e00000)
 Metaspace       used 25495K, capacity 26028K, committed 26240K, reserved 27008K
}
Event: 645.527 GC heap before
{Heap before GC invocations=1112 (full 517):
 def new generation   total 157248K, used 157243K [0x05e00000, 0x108a0000, 0x108a0000)
  eden space 139776K,  99% used [0x05e00000, 0x0e67fff8, 0x0e680000)
  from space 17472K,  99% used [0x0f790000, 0x1089ed30, 0x108a0000)
  to   space 17472K,   0% used [0x0e680000, 0x0e680000, 0x0f790000)
 tenured generation   total 349568K, used 349568K [0x108a0000, 0x25e00000, 0x25e00000)
   the space 349568K, 100% used [0x108a0000, 0x25e00000, 0x25e00000, 0x25e00000)
 Metaspace       used 25495K, capacity 26028K, committed 26240K, reserved 27008K
Event: 645.991 GC heap after
Heap after GC invocations=1113 (full 518):
 def new generation   total 157248K, used 157243K [0x05e00000, 0x108a0000, 0x108a0000)
  eden space 139776K,  99% used [0x05e00000, 0x0e67fff8, 0x0e680000)
  from space 17472K,  99% used [0x0f790000, 0x1089ed30, 0x108a0000)
  to   space 17472K,   0% used [0x0e680000, 0x0e680000, 0x0f790000)
 tenured generation   total 349568K, used 349568K [0x108a0000, 0x25e00000, 0x25e00000)
   the space 349568K, 100% used [0x108a0000, 0x25e00000, 0x25e00000, 0x25e00000)
 Metaspace       used 25495K, capacity 26028K, committed 26240K, reserved 27008K
}

